 Start Time: 8:19:18 PM
 ---------------------------------------------
 Start Time: 8:19:19 PM
 ---------------------------------------------
 Start Time: 8:19:21 PM
 ---------------------------------------------
 Start Time: 8:19:22 PM
 ---------------------------------------------
 Start Time: 8:19:22 PM
 ---------------------------------------------
 Start Time: 8:19:23 PM
 ---------------------------------------------
 Start Time: 8:19:24 PM
 ---------------------------------------------
 Start Time: 8:19:25 PM
 ---------------------------------------------
 Start Time: 8:19:25 PM
 ---------------------------------------------
 Start Time: 8:19:26 PM
 ---------------------------------------------
 Start Time: 8:19:27 PM
 ---------------------------------------------
 Start Time: 8:19:28 PM
 ---------------------------------------------
 Start Time: 8:19:29 PM
 ---------------------------------------------
 Start Time: 8:19:30 PM
 ---------------------------------------------
 Start Time: 8:19:30 PM
 ---------------------------------------------
 Start Time: 8:19:31 PM
 ---------------------------------------------
 Start Time: 8:19:32 PM
 ---------------------------------------------
 Start Time: 8:19:47 PM
 ---------------------------------------------
 Start Time: 8:19:47 PM
 ---------------------------------------------
 Start Time: 8:19:49 PM
 ---------------------------------------------
 Start Time: 8:19:50 PM
 ---------------------------------------------
 Start Time: 8:19:51 PM
 ---------------------------------------------
 Start Time: 8:19:51 PM
 ---------------------------------------------
 Start Time: 8:19:52 PM
 ---------------------------------------------
 Start Time: 8:19:53 PM
 ---------------------------------------------
 Start Time: 8:19:54 PM
 ---------------------------------------------
 Start Time: 8:19:55 PM
 ---------------------------------------------
 Start Time: 8:19:55 PM
 ---------------------------------------------
 Start Time: 8:19:56 PM
 ---------------------------------------------
 Start Time: 8:19:57 PM
 ---------------------------------------------
 Start Time: 8:19:58 PM
 ---------------------------------------------
 Start Time: 8:19:59 PM
 ---------------------------------------------
 Start Time: 8:20:01 PM
 ---------------------------------------------
 Start Time: 8:20:02 PM
 ---------------------------------------------
 Start Time: 8:20:03 PM
 ---------------------------------------------
 Start Time: 8:20:04 PM
 ---------------------------------------------
 Start Time: 8:20:05 PM
 ---------------------------------------------
 Start Time: 8:20:06 PM
 ---------------------------------------------
 Start Time: 8:20:08 PM
 ---------------------------------------------
 Start Time: 8:20:09 PM
 ---------------------------------------------
 Start Time: 8:20:10 PM
 ---------------------------------------------
 Start Time: 8:20:11 PM
 ---------------------------------------------
 Start Time: 8:20:12 PM
 ---------------------------------------------
 Start Time: 8:20:13 PM
 ---------------------------------------------
 Start Time: 8:20:14 PM
 ---------------------------------------------
 Start Time: 8:20:15 PM
 ---------------------------------------------
 Start Time: 8:20:16 PM
 ---------------------------------------------
 Start Time: 8:20:17 PM
 ---------------------------------------------
 Start Time: 8:20:17 PM
 ---------------------------------------------
 Start Time: 8:20:18 PM
 ---------------------------------------------
 Start Time: 8:20:19 PM
 ---------------------------------------------
 Start Time: 8:20:20 PM
 ---------------------------------------------
 Start Time: 8:20:20 PM
 ---------------------------------------------
 Start Time: 8:20:21 PM
 ---------------------------------------------
 Start Time: 8:20:22 PM
 ---------------------------------------------
 Start Time: 8:20:23 PM
 ---------------------------------------------
 Start Time: 8:20:24 PM
 ---------------------------------------------
 Start Time: 8:20:24 PM
 ---------------------------------------------
 Start Time: 8:20:45 PM
 ---------------------------------------------
 Start Time: 8:20:46 PM
 ---------------------------------------------
 Start Time: 8:20:47 PM
 ---------------------------------------------
 Start Time: 8:20:49 PM
 ---------------------------------------------
 Start Time: 8:20:50 PM
 ---------------------------------------------
 Start Time: 8:20:50 PM
 ---------------------------------------------
 Start Time: 8:20:51 PM
 ---------------------------------------------
 Start Time: 8:20:52 PM
 ---------------------------------------------
 Start Time: 8:20:53 PM
 ---------------------------------------------
 Start Time: 8:20:54 PM
 ---------------------------------------------
 Start Time: 8:20:54 PM
 ---------------------------------------------
 Start Time: 8:20:55 PM
 ---------------------------------------------
 Start Time: 8:20:56 PM
 ---------------------------------------------
 Start Time: 8:20:57 PM
 ---------------------------------------------
 Start Time: 8:20:58 PM
 ---------------------------------------------
 Start Time: 8:20:59 PM
 ---------------------------------------------
 Start Time: 8:20:59 PM
 ---------------------------------------------
 Start Time: 8:21:00 PM
 ---------------------------------------------
 Start Time: 8:24:05 PM
 ---------------------------------------------
Loading a total of 0 commands
Loading a total of 0 events.
I am ready!
 Start Time: 3:49:27 PM
 ---------------------------------------------
 Start Time: 3:49:27 PM
 ---------------------------------------------
 Start Time: 3:49:28 PM
 ---------------------------------------------
 Start Time: 3:49:29 PM
 ---------------------------------------------
 Start Time: 3:49:30 PM
 ---------------------------------------------
 Start Time: 3:49:31 PM
 ---------------------------------------------
 Start Time: 3:49:32 PM
 ---------------------------------------------
 Start Time: 3:49:33 PM
 ---------------------------------------------
 Start Time: 3:49:34 PM
 ---------------------------------------------
 Start Time: 3:49:35 PM
 ---------------------------------------------
 Start Time: 3:49:35 PM
 Start Time: 3:49:36 PM
 ---------------------------------------------
 Start Time: 3:49:37 PM
 ---------------------------------------------
 Start Time: 3:49:38 PM
 ---------------------------------------------
 Start Time: 3:49:39 PM
 ---------------------------------------------
 Start Time: 3:49:40 PM
 ---------------------------------------------
 Start Time: 4:02:04 PM
 ---------------------------------------------
Loading a total of 0 commands
Loading a total of 0 events.
I am ready!
 Start Time: 4:03:28 PM
 ---------------------------------------------
Loading a total of 1 commands
Loading a total of 0 events.
I am ready!
 Start Time: 4:05:56 PM
 ---------------------------------------------
Loading a total of 1 commands
Loading a total of 0 events.
I am ready!
 Start Time: 4:11:30 PM
 ---------------------------------------------
Loading a total of 2 commands
Loading a total of 0 events.
I am ready!
 Start Time: 5:41:36 PM
 ---------------------------------------------
Loading a total of 0 commands
Loading a total of 0 events.
I am ready!
